<?xml version="1.0" encoding="UTF-8"?>
<!-- Generated by org.testng.reporters.JUnitReportReporter -->
<testsuite hostname="CUONGDUY" failures="0" tests="81" name="test.ApplicationFastFood" time="5.894" errors="0" timestamp="2023-04-10T14:11:21 ICT" skipped="0">
  <testcase classname="test.ApplicationFastFood" name="testChangePass" time="0.074"/>
  <system-out/>
  <testcase classname="test.ApplicationFastFood" name="testChangePass" time="0.073"/>
  <system-out/>
  <testcase classname="test.ApplicationFastFood" name="testChangePass" time="0.074"/>
  <system-out/>
  <testcase classname="test.ApplicationFastFood" name="testChangePass" time="0.072"/>
  <system-out/>
  <testcase classname="test.ApplicationFastFood" name="testChangePass" time="0.076"/>
  <system-out/>
  <testcase classname="test.ApplicationFastFood" name="testChangePass" time="0.073"/>
  <system-out/>
  <testcase classname="test.ApplicationFastFood" name="testChangePass" time="0.075"/>
  <system-out/>
  <testcase classname="test.ApplicationFastFood" name="testChangePass" time="0.072"/>
  <system-out/>
  <testcase classname="test.ApplicationFastFood" name="testChangePass" time="0.075"/>
  <system-out/>
  <testcase classname="test.ApplicationFastFood" name="testChangePass" time="0.070"/>
  <system-out/>
  <testcase classname="test.ApplicationFastFood" name="testChangePass" time="0.071"/>
  <system-out/>
  <testcase classname="test.ApplicationFastFood" name="testChangePass" time="0.078"/>
  <system-out/>
  <testcase classname="test.ApplicationFastFood" name="testChangePass" time="0.073"/>
  <system-out/>
  <testcase classname="test.ApplicationFastFood" name="testChangePass" time="0.071"/>
  <system-out/>
  <testcase classname="test.ApplicationFastFood" name="testChangePass" time="0.071"/>
  <system-out/>
  <testcase classname="test.ApplicationFastFood" name="testChangePass" time="0.072"/>
  <system-out/>
  <testcase classname="test.ApplicationFastFood" name="testChangePass" time="0.071"/>
  <system-out/>
  <testcase classname="test.ApplicationFastFood" name="testChangePass" time="0.071"/>
  <system-out/>
  <testcase classname="test.ApplicationFastFood" name="testChangePass" time="0.070"/>
  <system-out/>
  <testcase classname="test.ApplicationFastFood" name="testChangePass" time="0.072"/>
  <system-out/>
  <testcase classname="test.ApplicationFastFood" name="testChangePass" time="0.071"/>
  <system-out/>
  <testcase classname="test.ApplicationFastFood" name="testChangePass" time="0.071"/>
  <system-out/>
  <testcase classname="test.ApplicationFastFood" name="testChangePass" time="0.073"/>
  <system-out/>
  <testcase classname="test.ApplicationFastFood" name="testChangePass" time="0.071"/>
  <system-out/>
  <testcase classname="test.ApplicationFastFood" name="testChangePass" time="0.077"/>
  <system-out/>
  <testcase classname="test.ApplicationFastFood" name="testChangePass" time="0.076"/>
  <system-out/>
  <testcase classname="test.ApplicationFastFood" name="testChangePass" time="0.070"/>
  <system-out/>
  <testcase classname="test.ApplicationFastFood" name="testChangePass" time="0.071"/>
  <system-out/>
  <testcase classname="test.ApplicationFastFood" name="testChangePass" time="0.070"/>
  <system-out/>
  <testcase classname="test.ApplicationFastFood" name="testChangePass" time="0.074"/>
  <system-out/>
  <testcase classname="test.ApplicationFastFood" name="testChangePass" time="0.071"/>
  <system-out/>
  <testcase classname="test.ApplicationFastFood" name="testChangePass" time="0.079"/>
  <system-out/>
  <testcase classname="test.ApplicationFastFood" name="testChangePass" time="0.075"/>
  <system-out/>
  <testcase classname="test.ApplicationFastFood" name="testChangePass" time="0.070"/>
  <system-out/>
  <testcase classname="test.ApplicationFastFood" name="testChangePass" time="0.072"/>
  <system-out/>
  <testcase classname="test.ApplicationFastFood" name="testChangePass" time="0.073"/>
  <system-out/>
  <testcase classname="test.ApplicationFastFood" name="testChangePass" time="0.072"/>
  <system-out/>
  <testcase classname="test.ApplicationFastFood" name="testChangePass" time="0.072"/>
  <system-out/>
  <testcase classname="test.ApplicationFastFood" name="testChangePass" time="0.074"/>
  <system-out/>
  <testcase classname="test.ApplicationFastFood" name="testChangePass" time="0.073"/>
  <system-out/>
  <testcase classname="test.ApplicationFastFood" name="testChangePass" time="0.071"/>
  <system-out/>
  <testcase classname="test.ApplicationFastFood" name="testChangePass" time="0.071"/>
  <system-out/>
  <testcase classname="test.ApplicationFastFood" name="testChangePass" time="0.072"/>
  <system-out/>
  <testcase classname="test.ApplicationFastFood" name="testChangePass" time="0.075"/>
  <system-out/>
  <testcase classname="test.ApplicationFastFood" name="testChangePass" time="0.072"/>
  <system-out/>
  <testcase classname="test.ApplicationFastFood" name="testChangePass" time="0.071"/>
  <system-out/>
  <testcase classname="test.ApplicationFastFood" name="testChangePass" time="0.072"/>
  <system-out/>
  <testcase classname="test.ApplicationFastFood" name="testChangePass" time="0.071"/>
  <system-out/>
  <testcase classname="test.ApplicationFastFood" name="testChangePass" time="0.073"/>
  <system-out/>
  <testcase classname="test.ApplicationFastFood" name="testChangePass" time="0.072"/>
  <system-out/>
  <testcase classname="test.ApplicationFastFood" name="testChangePass" time="0.071"/>
  <system-out/>
  <testcase classname="test.ApplicationFastFood" name="testChangePass" time="0.071"/>
  <system-out/>
  <testcase classname="test.ApplicationFastFood" name="testChangePass" time="0.074"/>
  <system-out/>
  <testcase classname="test.ApplicationFastFood" name="testChangePass" time="0.071"/>
  <system-out/>
  <testcase classname="test.ApplicationFastFood" name="testChangePass" time="0.073"/>
  <system-out/>
  <testcase classname="test.ApplicationFastFood" name="testChangePass" time="0.071"/>
  <system-out/>
  <testcase classname="test.ApplicationFastFood" name="testChangePass" time="0.074"/>
  <system-out/>
  <testcase classname="test.ApplicationFastFood" name="testChangePass" time="0.072"/>
  <system-out/>
  <testcase classname="test.ApplicationFastFood" name="testChangePass" time="0.075"/>
  <system-out/>
  <testcase classname="test.ApplicationFastFood" name="testChangePass" time="0.071"/>
  <system-out/>
  <testcase classname="test.ApplicationFastFood" name="testChangePass" time="0.071"/>
  <system-out/>
  <testcase classname="test.ApplicationFastFood" name="testChangePass" time="0.074"/>
  <system-out/>
  <testcase classname="test.ApplicationFastFood" name="testChangePass" time="0.073"/>
  <system-out/>
  <testcase classname="test.ApplicationFastFood" name="testChangePass" time="0.073"/>
  <system-out/>
  <testcase classname="test.ApplicationFastFood" name="testChangePass" time="0.072"/>
  <system-out/>
  <testcase classname="test.ApplicationFastFood" name="testChangePass" time="0.071"/>
  <system-out/>
  <testcase classname="test.ApplicationFastFood" name="testChangePass" time="0.070"/>
  <system-out/>
  <testcase classname="test.ApplicationFastFood" name="testChangePass" time="0.079"/>
  <system-out/>
  <testcase classname="test.ApplicationFastFood" name="testChangePass" time="0.071"/>
  <system-out/>
  <testcase classname="test.ApplicationFastFood" name="testChangePass" time="0.078"/>
  <system-out/>
  <testcase classname="test.ApplicationFastFood" name="testChangePass" time="0.073"/>
  <system-out/>
  <testcase classname="test.ApplicationFastFood" name="testChangePass" time="0.069"/>
  <system-out/>
  <testcase classname="test.ApplicationFastFood" name="testChangePass" time="0.077"/>
  <system-out/>
  <testcase classname="test.ApplicationFastFood" name="testChangePass" time="0.074"/>
  <system-out/>
  <testcase classname="test.ApplicationFastFood" name="testChangePass" time="0.073"/>
  <system-out/>
  <testcase classname="test.ApplicationFastFood" name="testChangePass" time="0.072"/>
  <system-out/>
  <testcase classname="test.ApplicationFastFood" name="testChangePass" time="0.073"/>
  <system-out/>
  <testcase classname="test.ApplicationFastFood" name="testChangePass" time="0.072"/>
  <system-out/>
  <testcase classname="test.ApplicationFastFood" name="testChangePass" time="0.074"/>
  <system-out/>
  <testcase classname="test.ApplicationFastFood" name="testChangePass" time="0.079"/>
  <system-out/>
  <testcase classname="test.ApplicationFastFood" name="testChangePass" time="0.074"/>
  <system-out/>
</testsuite> <!-- test.ApplicationFastFood -->
