<?xml version="1.0" encoding="UTF-8"?>
<!-- Generated by org.testng.reporters.JUnitReportReporter -->
<testsuite hostname="CUONGDUY" failures="0" tests="102" name="test.ApplicationFastFood" time="10.244" errors="0" timestamp="2023-04-10T16:21:18 ICT" skipped="0">
  <testcase classname="test.ApplicationFastFood" name="testUpdateProduct" time="0.102"/>
  <system-out/>
  <testcase classname="test.ApplicationFastFood" name="testUpdateProduct" time="0.090"/>
  <system-out/>
  <testcase classname="test.ApplicationFastFood" name="testUpdateProduct" time="0.098"/>
  <system-out/>
  <testcase classname="test.ApplicationFastFood" name="testUpdateProduct" time="0.091"/>
  <system-out/>
  <testcase classname="test.ApplicationFastFood" name="testUpdateProduct" time="0.095"/>
  <system-out/>
  <testcase classname="test.ApplicationFastFood" name="testUpdateProduct" time="0.091"/>
  <system-out/>
  <testcase classname="test.ApplicationFastFood" name="testUpdateProduct" time="0.122"/>
  <system-out/>
  <testcase classname="test.ApplicationFastFood" name="testUpdateProduct" time="0.100"/>
  <system-out/>
  <testcase classname="test.ApplicationFastFood" name="testUpdateProduct" time="0.112"/>
  <system-out/>
  <testcase classname="test.ApplicationFastFood" name="testUpdateProduct" time="0.096"/>
  <system-out/>
  <testcase classname="test.ApplicationFastFood" name="testUpdateProduct" time="0.095"/>
  <system-out/>
  <testcase classname="test.ApplicationFastFood" name="testUpdateProduct" time="0.096"/>
  <system-out/>
  <testcase classname="test.ApplicationFastFood" name="testUpdateProduct" time="0.098"/>
  <system-out/>
  <testcase classname="test.ApplicationFastFood" name="testUpdateProduct" time="0.092"/>
  <system-out/>
  <testcase classname="test.ApplicationFastFood" name="testUpdateProduct" time="0.098"/>
  <system-out/>
  <testcase classname="test.ApplicationFastFood" name="testUpdateProduct" time="0.098"/>
  <system-out/>
  <testcase classname="test.ApplicationFastFood" name="testUpdateProduct" time="0.091"/>
  <system-out/>
  <testcase classname="test.ApplicationFastFood" name="testUpdateProduct" time="0.090"/>
  <system-out/>
  <testcase classname="test.ApplicationFastFood" name="testUpdateProduct" time="0.096"/>
  <system-out/>
  <testcase classname="test.ApplicationFastFood" name="testUpdateProduct" time="0.096"/>
  <system-out/>
  <testcase classname="test.ApplicationFastFood" name="testUpdateProduct" time="0.099"/>
  <system-out/>
  <testcase classname="test.ApplicationFastFood" name="testUpdateProduct" time="0.100"/>
  <system-out/>
  <testcase classname="test.ApplicationFastFood" name="testUpdateProduct" time="0.129"/>
  <system-out/>
  <testcase classname="test.ApplicationFastFood" name="testUpdateProduct" time="0.099"/>
  <system-out/>
  <testcase classname="test.ApplicationFastFood" name="testUpdateProduct" time="0.102"/>
  <system-out/>
  <testcase classname="test.ApplicationFastFood" name="testUpdateProduct" time="0.090"/>
  <system-out/>
  <testcase classname="test.ApplicationFastFood" name="testUpdateProduct" time="0.098"/>
  <system-out/>
  <testcase classname="test.ApplicationFastFood" name="testUpdateProduct" time="0.102"/>
  <system-out/>
  <testcase classname="test.ApplicationFastFood" name="testUpdateProduct" time="0.098"/>
  <system-out/>
  <testcase classname="test.ApplicationFastFood" name="testUpdateProduct" time="0.098"/>
  <system-out/>
  <testcase classname="test.ApplicationFastFood" name="testUpdateProduct" time="0.095"/>
  <system-out/>
  <testcase classname="test.ApplicationFastFood" name="testUpdateProduct" time="0.092"/>
  <system-out/>
  <testcase classname="test.ApplicationFastFood" name="testUpdateProduct" time="0.099"/>
  <system-out/>
  <testcase classname="test.ApplicationFastFood" name="testUpdateProduct" time="0.092"/>
  <system-out/>
  <testcase classname="test.ApplicationFastFood" name="testUpdateProduct" time="0.097"/>
  <system-out/>
  <testcase classname="test.ApplicationFastFood" name="testUpdateProduct" time="0.097"/>
  <system-out/>
  <testcase classname="test.ApplicationFastFood" name="testUpdateProduct" time="0.098"/>
  <system-out/>
  <testcase classname="test.ApplicationFastFood" name="testUpdateProduct" time="0.094"/>
  <system-out/>
  <testcase classname="test.ApplicationFastFood" name="testUpdateProduct" time="0.095"/>
  <system-out/>
  <testcase classname="test.ApplicationFastFood" name="testUpdateProduct" time="0.102"/>
  <system-out/>
  <testcase classname="test.ApplicationFastFood" name="testUpdateProduct" time="0.098"/>
  <system-out/>
  <testcase classname="test.ApplicationFastFood" name="testUpdateProduct" time="0.235"/>
  <system-out/>
  <testcase classname="test.ApplicationFastFood" name="testUpdateProduct" time="0.093"/>
  <system-out/>
  <testcase classname="test.ApplicationFastFood" name="testUpdateProduct" time="0.098"/>
  <system-out/>
  <testcase classname="test.ApplicationFastFood" name="testUpdateProduct" time="0.103"/>
  <system-out/>
  <testcase classname="test.ApplicationFastFood" name="testUpdateProduct" time="0.111"/>
  <system-out/>
  <testcase classname="test.ApplicationFastFood" name="testUpdateProduct" time="0.090"/>
  <system-out/>
  <testcase classname="test.ApplicationFastFood" name="testUpdateProduct" time="0.098"/>
  <system-out/>
  <testcase classname="test.ApplicationFastFood" name="testUpdateProduct" time="0.102"/>
  <system-out/>
  <testcase classname="test.ApplicationFastFood" name="testUpdateProduct" time="0.102"/>
  <system-out/>
  <testcase classname="test.ApplicationFastFood" name="testUpdateProduct" time="0.102"/>
  <system-out/>
  <testcase classname="test.ApplicationFastFood" name="testUpdateProduct" time="0.098"/>
  <system-out/>
  <testcase classname="test.ApplicationFastFood" name="testUpdateProduct" time="0.122"/>
  <system-out/>
  <testcase classname="test.ApplicationFastFood" name="testUpdateProduct" time="0.095"/>
  <system-out/>
  <testcase classname="test.ApplicationFastFood" name="testUpdateProduct" time="0.093"/>
  <system-out/>
  <testcase classname="test.ApplicationFastFood" name="testUpdateProduct" time="0.119"/>
  <system-out/>
  <testcase classname="test.ApplicationFastFood" name="testUpdateProduct" time="0.090"/>
  <system-out/>
  <testcase classname="test.ApplicationFastFood" name="testUpdateProduct" time="0.102"/>
  <system-out/>
  <testcase classname="test.ApplicationFastFood" name="testUpdateProduct" time="0.095"/>
  <system-out/>
  <testcase classname="test.ApplicationFastFood" name="testUpdateProduct" time="0.090"/>
  <system-out/>
  <testcase classname="test.ApplicationFastFood" name="testUpdateProduct" time="0.113"/>
  <system-out/>
  <testcase classname="test.ApplicationFastFood" name="testUpdateProduct" time="0.096"/>
  <system-out/>
  <testcase classname="test.ApplicationFastFood" name="testUpdateProduct" time="0.091"/>
  <system-out/>
  <testcase classname="test.ApplicationFastFood" name="testUpdateProduct" time="0.094"/>
  <system-out/>
  <testcase classname="test.ApplicationFastFood" name="testUpdateProduct" time="0.094"/>
  <system-out/>
  <testcase classname="test.ApplicationFastFood" name="testUpdateProduct" time="0.098"/>
  <system-out/>
  <testcase classname="test.ApplicationFastFood" name="testUpdateProduct" time="0.093"/>
  <system-out/>
  <testcase classname="test.ApplicationFastFood" name="testUpdateProduct" time="0.097"/>
  <system-out/>
  <testcase classname="test.ApplicationFastFood" name="testUpdateProduct" time="0.096"/>
  <system-out/>
  <testcase classname="test.ApplicationFastFood" name="testUpdateProduct" time="0.102"/>
  <system-out/>
  <testcase classname="test.ApplicationFastFood" name="testUpdateProduct" time="0.096"/>
  <system-out/>
  <testcase classname="test.ApplicationFastFood" name="testUpdateProduct" time="0.094"/>
  <system-out/>
  <testcase classname="test.ApplicationFastFood" name="testUpdateProduct" time="0.110"/>
  <system-out/>
  <testcase classname="test.ApplicationFastFood" name="testUpdateProduct" time="0.099"/>
  <system-out/>
  <testcase classname="test.ApplicationFastFood" name="testUpdateProduct" time="0.102"/>
  <system-out/>
  <testcase classname="test.ApplicationFastFood" name="testUpdateProduct" time="0.101"/>
  <system-out/>
  <testcase classname="test.ApplicationFastFood" name="testUpdateProduct" time="0.114"/>
  <system-out/>
  <testcase classname="test.ApplicationFastFood" name="testUpdateProduct" time="0.098"/>
  <system-out/>
  <testcase classname="test.ApplicationFastFood" name="testUpdateProduct" time="0.091"/>
  <system-out/>
  <testcase classname="test.ApplicationFastFood" name="testUpdateProduct" time="0.102"/>
  <system-out/>
  <testcase classname="test.ApplicationFastFood" name="testUpdateProduct" time="0.100"/>
  <system-out/>
  <testcase classname="test.ApplicationFastFood" name="testUpdateProduct" time="0.089"/>
  <system-out/>
  <testcase classname="test.ApplicationFastFood" name="testUpdateProduct" time="0.094"/>
  <system-out/>
  <testcase classname="test.ApplicationFastFood" name="testUpdateProduct" time="0.098"/>
  <system-out/>
  <testcase classname="test.ApplicationFastFood" name="testUpdateProduct" time="0.097"/>
  <system-out/>
  <testcase classname="test.ApplicationFastFood" name="testUpdateProduct" time="0.116"/>
  <system-out/>
  <testcase classname="test.ApplicationFastFood" name="testUpdateProduct" time="0.109"/>
  <system-out/>
  <testcase classname="test.ApplicationFastFood" name="testUpdateProduct" time="0.097"/>
  <system-out/>
  <testcase classname="test.ApplicationFastFood" name="testUpdateProduct" time="0.102"/>
  <system-out/>
  <testcase classname="test.ApplicationFastFood" name="testUpdateProduct" time="0.107"/>
  <system-out/>
  <testcase classname="test.ApplicationFastFood" name="testUpdateProduct" time="0.090"/>
  <system-out/>
  <testcase classname="test.ApplicationFastFood" name="testUpdateProduct" time="0.108"/>
  <system-out/>
  <testcase classname="test.ApplicationFastFood" name="testUpdateProduct" time="0.092"/>
  <system-out/>
  <testcase classname="test.ApplicationFastFood" name="testUpdateProduct" time="0.096"/>
  <system-out/>
  <testcase classname="test.ApplicationFastFood" name="testUpdateProduct" time="0.105"/>
  <system-out/>
  <testcase classname="test.ApplicationFastFood" name="testUpdateProduct" time="0.100"/>
  <system-out/>
  <testcase classname="test.ApplicationFastFood" name="testUpdateProduct" time="0.099"/>
  <system-out/>
  <testcase classname="test.ApplicationFastFood" name="testUpdateProduct" time="0.102"/>
  <system-out/>
  <testcase classname="test.ApplicationFastFood" name="testUpdateProduct" time="0.097"/>
  <system-out/>
  <testcase classname="test.ApplicationFastFood" name="testUpdateProduct" time="0.091"/>
  <system-out/>
  <testcase classname="test.ApplicationFastFood" name="testUpdateProduct" time="0.100"/>
  <system-out/>
  <testcase classname="test.ApplicationFastFood" name="testUpdateProduct" time="0.115"/>
  <system-out/>
</testsuite> <!-- test.ApplicationFastFood -->
